Change Dir: 'D:/opencv/repos/ImgProcessingModule/vcpkg_installed/vcpkg/blds/fmt/x64-windows-rel'

Run Build Command(s): "C:/Program Files/Microsoft Visual Studio/2022/Community/Common7/IDE/CommonExtensions/Microsoft/CMake/Ninja/ninja.exe" -v -v -j13 install
[1/4] C:\PROGRA~1\MIB055~1\2022\COMMUN~1\VC\Tools\MSVC\1438~1.331\bin\Hostx64\x64\cl.exe   /TP -DFMT_LIB_EXPORT -Dfmt_EXPORTS -ID:\opencv\repos\ImgProcessingModule\vcpkg_installed\vcpkg\blds\fmt\src\10.1.0-95e91156af.clean\include /nologo /DWIN32 /D_WINDOWS /W3 /utf-8 /GR /EHsc /MP  /MD /O2 /Oi /Gy /DNDEBUG /Z7  -MD /showIncludes /FoCMakeFiles\fmt.dir\src\os.cc.obj /FdCMakeFiles\fmt.dir\ /FS -c D:\opencv\repos\ImgProcessingModule\vcpkg_installed\vcpkg\blds\fmt\src\10.1.0-95e91156af.clean\src\os.cc
[2/4] C:\PROGRA~1\MIB055~1\2022\COMMUN~1\VC\Tools\MSVC\1438~1.331\bin\Hostx64\x64\cl.exe   /TP -DFMT_LIB_EXPORT -Dfmt_EXPORTS -ID:\opencv\repos\ImgProcessingModule\vcpkg_installed\vcpkg\blds\fmt\src\10.1.0-95e91156af.clean\include /nologo /DWIN32 /D_WINDOWS /W3 /utf-8 /GR /EHsc /MP  /MD /O2 /Oi /Gy /DNDEBUG /Z7  -MD /showIncludes /FoCMakeFiles\fmt.dir\src\format.cc.obj /FdCMakeFiles\fmt.dir\ /FS -c D:\opencv\repos\ImgProcessingModule\vcpkg_installed\vcpkg\blds\fmt\src\10.1.0-95e91156af.clean\src\format.cc
[3/4] cmd.exe /C "cd . && "C:\Program Files\Microsoft Visual Studio\2022\Community\Common7\IDE\CommonExtensions\Microsoft\CMake\CMake\bin\cmake.exe" -E vs_link_dll --intdir=CMakeFiles\fmt.dir --rc=C:\PROGRA~2\WI3CF2~1\10\bin\100226~1.0\x64\rc.exe --mt=C:\PROGRA~2\WI3CF2~1\10\bin\100226~1.0\x64\mt.exe --manifests  -- C:\PROGRA~1\MIB055~1\2022\COMMUN~1\VC\Tools\MSVC\1438~1.331\bin\Hostx64\x64\link.exe  CMakeFiles\fmt.dir\src\format.cc.obj CMakeFiles\fmt.dir\src\os.cc.obj  /out:bin\fmt.dll /implib:fmt.lib /pdb:bin\fmt.p-- Install configuration: "Release"
-- Installing: D:/opencv/repos/ImgProcessingModule/vcpkg_installed/vcpkg/pkgs/fmt_x64-windows/lib/fmt.lib
-- Installing: D:/opencv/repos/ImgProcessingModule/vcpkg_installed/vcpkg/pkgs/fmt_x64-windows/bin/fmt.dll
-- Installing: D:/opencv/repos/ImgProcessingModule/vcpkg_installed/vcpkg/pkgs/fmt_x64-windows/include/fmt/args.h
-- Installing: D:/opencv/repos/ImgProcessingModule/vcpkg_installed/vcpkg/pkgs/fmt_x64-windows/include/fmt/chrono.h
-- Installing: D:/opencv/repos/ImgProcessingModule/vcpkg_installed/vcpkg/pkgs/fmt_x64-windows/include/fmt/color.h
-- Installing: D:/opencv/repos/ImgProcessingModule/vcpkg_installed/vcpkg/pkgs/fmt_x64-windows/include/fmt/compile.h
-- Installing: D:/opencv/repos/ImgProcessingModule/vcpkg_installed/vcpkg/pkgs/fmt_x64-windows/include/fmt/core.h
-- Installing: D:/opencv/repos/ImgProcessingModule/vcpkg_installed/vcpkg/pkgs/fmt_x64-windows/include/fmt/format.h
-- Installing: D:/opencv/repos/ImgProcessingModule/vcpkg_installed/vcpkg/pkgs/fmt_x64-windows/include/fmt/format-inl.h
-- Installing: D:/opencv/repos/ImgProcessingModule/vcpkg_installed/vcpkg/pkgs/fmt_x64-windows/include/fmt/os.h
-- Installing: D:/opencv/repos/ImgProcessingModule/vcpkg_installed/vcpkg/pkgs/fmt_x64-windows/include/fmt/ostream.h
-- Installing: D:/opencv/repos/ImgProcessingModule/vcpkg_installed/vcpkg/pkgs/fmt_x64-windows/include/fmt/printf.h
-- Installing: D:/opencv/repos/ImgProcessingModule/vcpkg_installed/vcpkg/pkgs/fmt_x64-windows/include/fmt/ranges.h
-- Installing: D:/opencv/repos/ImgProcessingModule/vcpkg_installed/vcpkg/pkgs/fmt_x64-windows/include/fmt/std.h
-- Installing: D:/opencv/repos/ImgProcessingModule/vcpkg_installed/vcpkg/pkgs/fmt_x64-windows/include/fmt/xchar.h
-- Installing: D:/opencv/repos/ImgProcessingModule/vcpkg_installed/vcpkg/pkgs/fmt_x64-windows/share/fmt/fmt-config.cmake
-- Installing: D:/opencv/repos/ImgProcessingModule/vcpkg_installed/vcpkg/pkgs/fmt_x64-windows/share/fmt/fmt-config-version.cmake
-- Installing: D:/opencv/repos/ImgProcessingModule/vcpkg_installed/vcpkg/pkgs/fmt_x64-windows/share/fmt/fmt-targets.cmake
-- Installing: D:/opencv/repos/ImgProcessingModule/vcpkg_installed/vcpkg/pkgs/fmt_x64-windows/share/fmt/fmt-targets-release.cmake
-- Installing: D:/opencv/repos/ImgProcessingModule/vcpkg_installed/vcpkg/pkgs/fmt_x64-windows/lib/pkgconfig/fmt.pc
db /dll /version:10.1 /machine:x64 /nologo /DEBUG /INCREMENTAL:NO /OPT:REF /OPT:ICF  kernel32.lib user32.lib gdi32.lib winspool.lib shell32.lib ole32.lib oleaut32.lib uuid.lib comdlg32.lib advapi32.lib  && cd ."
[3/4] cmd.exe /C "cd /D D:\opencv\repos\ImgProcessingModule\vcpkg_installed\vcpkg\blds\fmt\x64-windows-rel && "C:\Program Files\Microsoft Visual Studio\2022\Community\Common7\IDE\CommonExtensions\Microsoft\CMake\CMake\bin\cmake.exe" -P cmake_install.cmake"

